# Preference setting overrides
gui_create_pref_key -category {Globals} -key {load_detail_for_funcov} -value_type {bool} -value {false}
gui_create_pref_category -category {schem_obj_name}
gui_create_pref_key -category {schem_obj_name} -key {show_cell_and_pin_with_symbol_name} -value_type {bool} -value {false}
gui_create_pref_key -category {schem_pin_hc} -key {textExtFont} -value_type {string} -value {Helvetica,10,-1,5,50,0,0,0,0,0}

# State setting overrides
gui_state_default_create -off -ini
gui_set_state_value -category Globals -key recent_databases -value {{gui_open_db -file vcdplus_orig.vpd} {gui_open_db -file vcdplus.vpd} {gui_open_db -file sim/one_bit_comparator_structural_tb.vpd}}
gui_set_state_value -category Layout -key child_console_size_x -value 1055
gui_set_state_value -category Layout -key child_console_size_y -value 167
gui_set_state_value -category Layout -key child_data_coltype -value 52
gui_set_state_value -category Layout -key child_data_colvalue -value 12
gui_set_state_value -category Layout -key child_data_colvariable -value 112
gui_set_state_value -category Layout -key child_data_size_x -value 178
gui_set_state_value -category Layout -key child_data_size_y -value 943
gui_set_state_value -category Layout -key child_driver_size_x -value 2238
gui_set_state_value -category Layout -key child_driver_size_y -value 320
gui_set_state_value -category Layout -key child_hier_col3 -value {-1}
gui_set_state_value -category Layout -key child_hier_colhier -value 178
gui_set_state_value -category Layout -key child_hier_colpd -value 0
gui_set_state_value -category Layout -key child_hier_coltype -value 58
gui_set_state_value -category Layout -key child_hier_size_x -value 238
gui_set_state_value -category Layout -key child_hier_size_y -value 943
gui_set_state_value -category Layout -key child_schematic_docknewline -value false
gui_set_state_value -category Layout -key child_schematic_pos_x -value {-2}
gui_set_state_value -category Layout -key child_schematic_pos_y -value {-15}
gui_set_state_value -category Layout -key child_schematic_size_x -value 584
gui_set_state_value -category Layout -key child_schematic_size_y -value 781
gui_set_state_value -category Layout -key child_source_docknewline -value false
gui_set_state_value -category Layout -key child_source_pos_x -value {-2}
gui_set_state_value -category Layout -key child_source_pos_y -value {-15}
gui_set_state_value -category Layout -key child_source_size_x -value 642
gui_set_state_value -category Layout -key child_source_size_y -value 938
gui_set_state_value -category Layout -key child_wave_colname -value 216
gui_set_state_value -category Layout -key child_wave_colvalue -value 74
gui_set_state_value -category Layout -key child_wave_left -value 294
gui_set_state_value -category Layout -key child_wave_right -value 1038
gui_set_state_value -category Layout -key main_pos_x -value {-85}
gui_set_state_value -category Layout -key main_pos_y -value 147
gui_set_state_value -category Layout -key main_size_x -value 970
gui_set_state_value -category Layout -key main_size_y -value 1364
gui_set_state_value -category Layout -key stand_wave_child_docknewline -value false
gui_set_state_value -category Layout -key stand_wave_child_pos_x -value {-2}
gui_set_state_value -category Layout -key stand_wave_child_pos_y -value {-15}
gui_set_state_value -category Layout -key stand_wave_child_size_x -value 1342
gui_set_state_value -category Layout -key stand_wave_child_size_y -value 448
gui_set_state_value -category Layout -key stand_wave_top_pos_x -value 11
gui_set_state_value -category Layout -key stand_wave_top_pos_y -value 692
gui_set_state_value -category Layout -key stand_wave_top_size_x -value 1348
gui_set_state_value -category Layout -key stand_wave_top_size_y -value 1252
gui_set_state_value -category Driver -key driver_add_to_wave -value true
gui_create_state_key -category FindDialog -key m_pMatchCase -value_type bool -value false
gui_create_state_key -category FindDialog -key m_pMatchWord -value_type bool -value false
gui_create_state_key -category FindDialog -key m_pUseCombo -value_type string -value {}
gui_create_state_key -category FindDialog -key m_pWrapAround -value_type bool -value true
gui_create_state_key -category Widget_History -key Find|m_pFindFrame|m_pFindCombo -value_type string -value 50
gui_create_state_key -category Widget_History -key TopLevel.1|qt_top_dock|&Edit|FindCombo -value_type string -value 50
gui_create_state_key -category Widget_History -key TopLevel.2|qt_top_dock|&Edit|FindCombo -value_type string -value 50
gui_state_default_create -off

# Begin command logging
gui_open_db -file vcdplus.vpd
gui_list_expand -id  Hier.1   fir_tb
gui_list_select -id Hier.1 -current_item_name fir_tb.dut -current_item_type Scope  -selected  { fir_tb.dut   }
gui_list_expand -id  Hier.1   fir_tb.dut
gui_list_select -id Hier.1 -current_item_name fir_tb.dut.delay_step0 -current_item_type Scope  -selected  { fir_tb.dut.delay_step0   }
gui_list_select -id Hier.1 -current_item_name fir_tb.dut -current_item_type Scope  -selected  { fir_tb.dut   }
gui_list_select -id Data.1 -selected  { {fir_tb.dut.delay_chain0[3:0]}   }
gui_list_select -id Data.1 -selected  { {fir_tb.dut.delay_chain0[3:0]}  {fir_tb.dut.delay_chain1[3:0]}   }
gui_list_select -id Data.1 -selected  { {fir_tb.dut.delay_chain0[3:0]}  {fir_tb.dut.delay_chain1[3:0]}  {fir_tb.dut.delay_chain2[3:0]}   }
gui_list_select -id Data.1 -selected  { {fir_tb.dut.delay_chain0[3:0]}  {fir_tb.dut.delay_chain1[3:0]}  {fir_tb.dut.delay_chain2[3:0]}  {fir_tb.dut.delay_chain3[3:0]}   }
gui_list_select -id Data.1 -selected  { {fir_tb.dut.delay_chain0[3:0]}  {fir_tb.dut.delay_chain1[3:0]}  {fir_tb.dut.delay_chain2[3:0]}  {fir_tb.dut.delay_chain3[3:0]}  {fir_tb.dut.delay_chain4[3:0]}   }
gui_list_select -id Data.1 -selected  { {fir_tb.dut.delay_chain0[3:0]}  {fir_tb.dut.delay_chain1[3:0]}  {fir_tb.dut.delay_chain2[3:0]}  {fir_tb.dut.delay_chain3[3:0]}  {fir_tb.dut.delay_chain4[3:0]}  fir_tb.dut.clk   }
gui_open_window Wave
gui_list_add -id Wave.1 -from Data.1 { fir_tb.dut.clk {fir_tb.dut.delay_chain0[3:0]} {fir_tb.dut.delay_chain1[3:0]} {fir_tb.dut.delay_chain2[3:0]} {fir_tb.dut.delay_chain3[3:0]} {fir_tb.dut.delay_chain4[3:0]} } -insertionbar
gui_set_time_units 1ns
gui_zoom -window Wave.1 -full
gui_marker_select -id  Wave.1 { C1 }
gui_marker_move -id  Wave.1 C1 50.701
gui_zoom -window Wave.1 -factor 2
gui_zoom -window Wave.1 -factor 2
gui_zoom -window Wave.1 -factor 2
gui_zoom -window Wave.1 -factor 2
gui_zoom -window Wave.1 -factor 2
gui_zoom -window Wave.1 -factor 0.5
gui_use_schematics 
gui_sch_show -name fir_tb.dut
gui_zoom -window Schematic.1 -rect { {-4088 -8147} {14117 18146} }
gui_zoom -window Schematic.1 -rect { {-1300 -111154} {128487 76293} }
gui_zoom -window Schematic.1 -rect { {-1300 -111154} {128487 76293} }
gui_zoom -window Schematic.1 -rect { {-1300 -111154} {128487 76293} }
gui_list_select -id Hier.1 -current_item_name fir_tb -current_item_type Scope  -selected  { fir_tb   }
gui_use_schematics 
gui_sch_show -name fir_tb
gui_zoom -window Schematic.2 -rect { {-4088 -8147} {14117 18146} }
gui_zoom -window Schematic.2 -rect { {-59 -33804} {31852 12284} }
gui_zoom -window Schematic.2 -rect { {-59 -33804} {31852 12284} }
gui_zoom -window Schematic.2 -rect { {-59 -33804} {31852 12284} }
gui_list_select -id Hier.1 -current_item_name fir_tb.dut -current_item_type Scope  -selected  { fir_tb.dut   }
gui_use_schematics 
gui_sch_show -name fir_tb.dut.clk
gui_zoom -window Schematic.3 -rect { {-4088 -8147} {14117 18146} }
gui_zoom -window Schematic.3 -rect { {-1300 -111154#Dve crash log 
#Encountered Illegal Interrupt SIGXFSZ on Thu Sep 18 18:30:00 2025
#Version: P-2019.06_Full64
#Platform: Linux x86_64
#Data of Built: May 31 2019 21:06:56
c_select -id Schematic.3 -type {cell} -parent {fir_tb.dut} {fir_tb.dut.delay_step2}
gui_use_schematics 
gui_path_show -objects fir_tb.dut.delay_step2
gui_zoom -window Schematic.4 -rect { {-4088 -8147} {14117 18146} }
gui_zoom -window Schematic.4 -rect { {-3346 -19437} {12597 3589} }
gui_zoom -window Schematic.4 -rect { {-3346 -19437} {12597 3589} }
gui_use_schematics 
gui_sch_show -name fir_tb.dut
gui_zoom -window Schematic.5 -rect { {-4088 -8147} {14117 18146} }
gui_zoom -window Schematic.5 -rect { {-1300 -111154} {128487 76293} }
gui_zoom -window Schematic.5 -rect { {-1300 -111154} {128487 76293} }
gui_zoom -window Schematic.5 -rect { {-1300 -111154} {128487 76293} }
gui_schematic_select -id Schematic.5 -type {cell} -parent {fir_tb.dut} {fir_tb.dut.delay_step2}
gui_schematic_clear_selection -id Schematic.5
gui_close_window -window  Schematic.1
gui_close_window -window  Schematic.2
gui_close_window -window  Schematic.3
gui_close_window -window  Schematic.4
gui_schematic_select -id Schematic.5 -type {cell} -parent {fir_tb.dut} {fir_tb.dut.delay_step2}
gui_schematic_select -id Schematic.5 -type {cell} -parent {fir_tb.dut} {fir_tb.dut.delay_step1}
gui_schematic_select -id Schematic.5 -type {cell} -parent {fir_tb.dut} {fir_tb.dut.delay_step2}
gui_list_select -id Data.1 -selected  { {fir_tb.dut.delay_chain0[3:0]}   }
gui_list_expand -id  Data.1   {fir_tb.dut.delay_chain0[3:0]}
gui_list_collapse -id  Data.1   {fir_tb.dut.delay_chain0[3:0]}
gui_schematic_select -id Schematic.5 -type {net} -parent {fir_tb.dut} {fir_tb.dut.delay_chain0}
gui_schematic_select -id Schematic.5 -type {net} -parent {fir_tb.dut} {fir_tb.dut.clk}
gui_schematic_select -id Schematic.5 -type {net} -parent {fir_tb.dut} {fir_tb.dut.clk}
gui_schematic_select -id Schematic.5 -type {net} -parent {fir_tb.dut} {fir_tb.dut.delay_chain0}
gui_schematic_select -id Schematic.5 -type {net} -parent {fir_tb.dut} {fir_tb.dut.delay_chain1}
gui_schematic_select -id Schematic.5 -type {net} -parent {fir_tb.dut} {fir_tb.dut.delay_chain0}
gui_schematic_select -id Schematic.5 -type {net} -parent {fir_tb.dut} {fir_tb.dut.delay_chain0}
gui_schematic_select -id Schematic.5 -type {net} -parent {fir_tb.dut} {fir_tb.dut.delay_chain1}
gui_schematic_select -id Schematic.5 -type {net} -parent {fir_tb.dut} {fir_tb.dut.delay_chain0}
gui_schematic_select -id Schematic.5 -type {net} -parent {fir_tb.dut} {fir_tb.dut.delay_chain0}
gui_schematic_select -id Schematic.5 -type {net} -parent {fir_tb.dut} {fir_tb.dut.delay_chain0}
gui_schematic_select -id Schematic.5 -type {net} -parent {fir_tb.dut} {fir_tb.dut.delay_chain1}
gui_sch_show -window Schematic.5 -name {fir_tb.dut.delay_chain1[3:0]}
gui_schematic_select -id Schematic.5 -type {cell net} -parent {fir_tb fir_tb.dut} {fir_tb.dut fir_tb.dut.delay_chain1}
gui_zoom -window Schematic.5 -rect { {-1325 -114632} {128519 80134} }
gui_zoom -window Schematic.5 -rect { {-1325 -114632} {128519 80134} }
gui_schematic_select -id Schematic.5 -type {cell} -parent {fir_tb.dut} {fir_tb.dut.delay_step1}
gui_schematic_select -id Schematic.5 -type {cell} -parent {fir_tb.dut} {fir_tb.dut.delay_step1}
gui_sch_viewport_backup -id Schematic.5 -type save
gui_sch_show -window Schematic.5 -name fir_tb.dut.delay_step1
gui_zoom -window Schematic.5 -rect { {-991 -59103} {62538 36190} }
gui_zoom -window Schematic.5 -rect { {-991 -59103} {62538 36190} }
gui_sch_viewport_backup -id Schematic.5 -type restore -action in -pins {} -slct_targets global
gui_schematic_clear_selection -id Schematic.5
package require snpsMisc; ::Misc::exec_method -method moveUpCmd 
gui_sch_viewport_backup -id Schematic.5 -type save
gui_sch_show -window Schematic.5 -name fir_tb.dut
gui_zoom -window Schematic.5 -rect { {-1325 -114632} {128519 80134} }
gui_zoom -window Schematic.5 -rect { {-1325 -114632} {128519 80134} }
gui_sch_viewport_backup -id Schematic.5 -type restore -action out -cell fir_tb.dut.delay_step1 -pins {} -slct_targets global
gui_zoom -window Schematic.5 -rect { {-1325 -114633} {128520 80135} }
gui_schematic_select -id Schematic.5 -type {cell} -parent {fir_tb.dut} {fir_tb.dut.delay_step1}
gui_schematic_select -id Schematic.5 -type {cell} -parent {fir_tb.dut} {fir_tb.dut.delay_step1}
gui_schematic_select -id Schematic.5 -type {net} -parent {fir_tb.dut} {fir_tb.dut.delay_chain0}
gui_schematic_select -id Schematic.5 -type {net} -parent {fir_tb.dut} {fir_tb.dut.delay_chain1}
gui_schematic_select -id Schematic.5 -type {net} -parent {fir_tb.dut} {fir_tb.dut.delay_chain1}
gui_schematic_select -id Schematic.5 -type {cell} -parent {fir_tb.dut} {fir_tb.dut.delay_step1}
gui_schematic_select -id Schematic.5 -type {cell} -parent {fir_tb.dut} {fir_tb.dut.delay_step2}
gui_schematic_select -id Schematic.5 -type {cell} -parent {fir_tb.dut} {fir_tb.dut.delay_step1}
gui_schematic_select -id Schematic.5 -type {cell} -parent {fir_tb.dut} {fir_tb.dut.delay_step1}
gui_schematic_select -id Schematic.5 -type {net} -parent {fir_tb.dut} {fir_tb.dut.delay_chain0}
gui_schematic_select -id Schematic.5 -type {cell} -parent {fir_tb.dut} {fir_tb.dut.delay_step0}
gui_sch_viewport_backup -id Schematic.5 -type save
gui_sch_show -window Schematic.5 -name fir_tb.dut.delay_step0
gui_zoom -window Schematic.5 -rect { {-991 -59103} {62538 36190} }
gui_zoom -window Schematic.5 -rect { {-991 -59103} {62538 36190} }
gui_sch_viewport_backup -id Schematic.5 -type restore -action in -pins {} -slct_targets global
gui_schematic_clear_selection -id Schematic.5
gui_schematic_select -id Schematic.5 -type {cell} -parent {fir_tb.dut.delay_step0} {fir_tb.dut.delay_step0.g12}
gui_schematic_select -id Schematic.5 -type {cell} -parent {fir_tb.dut.delay_step0} {fir_tb.dut.delay_step0.g12}
gui_open_source -active fir_tb.dut.delay_step0.g12 -activate
package require snpsMisc; ::Misc::exec_method -method moveUpCmd 
gui_src_show_source -id Source.1 -scope parent
package require snpsMisc; ::Misc::exec_method -method moveUpCmd 
gui_src_show_source -id Source.1 -scope parent
gui_use_schematics 
gui_sch_show -name {fir_tb.dut.delay_chain0[3:0]}
gui_zoom -window Schematic.6 -rect { {-4092 -8645} {14121 18674} }
gui_zoom -window Schematic.6 -rect { {-1325 -114632} {128519 80134} }
gui_zoom -window Schematic.6 -rect { {-1325 -114632} {128519 80134} }
gui_zoom -window Schematic.6 -rect { {-1325 -114632} {128519 80134} }
gui_schematic_select -id Schematic.6 -type {cell} -parent {fir_tb.dut} {fir_tb.dut.delay_step1}
gui_schematic_select -id Schematic.6 -type {cell} -parent {fir_tb.dut} {fir_tb.dut.delay_step1}
gui_schematic_select -id Schematic.6 -type {cell} -parent {fir_tb.dut} {fir_tb.dut.delay_step1}
gui_sch_viewport_backup -id Schematic.6 -type save
gui_sch_show -window Schematic.6 -name fir_tb.dut.delay_step1
gui_zoom -window Schematic.6 -rect { {-991 -59103} {62538 36190} }
gui_zoom -window Schematic.6 -rect { {-991 -59103} {62538 36190} }
gui_sch_viewport_backup -id Schematic.6 -type restore -action in -pins {} -slct_targets global
gui_schematic_clear_selection -id Schematic.6
gui_schematic_select -id Schematic.6 -type {cell} -parent {fir_tb.dut.delay_step1} {fir_tb.dut.delay_step1.g12}
gui_schematic_clear_selection -id Schematic.6
gui_schematic_select -id Schematic.6 -type {cell} -parent {fir_tb.dut.delay_step1} {fir_tb.dut.delay_step1.g10__6417}
gui_schematic_select -id Schematic.6 -type {cell} -parent {fir_tb.dut.delay_step1} {fir_tb.dut.delay_step1.g14}
gui_schematic_select -id Schematic.6 -type {cell} -parent {fir_tb.dut.delay_step1} {fir_tb.dut.delay_step1.g11}
package require snpsMisc; ::Misc::exec_method -method moveUpCmd 
gui_sch_viewport_backup -id Schematic.6 -type save
gui_sch_show -window Schematic.6 -name fir_tb.dut
gui_zoom -window Schematic.6 -rect { {-1325 -114632} {128519 80134} }
gui_zoom -window Schematic.6 -rect { {-1325 -114632} {128519 80134} }
gui_sch_viewport_backup -id Schematic.6 -type restore -action out -cell fir_tb.dut.delay_step1 -pins {} -slct_targets global
gui_zoom -window Schematic.6 -rect { {-1325 -114633} {128520 80135} }
gui_schematic_select -id Schematic.6 -type {cell} -parent {fir_tb.dut} {fir_tb.dut.delay_step1}
gui_schematic_select -id Schematic.6 -type {cell} -parent {fir_tb.dut} {fir_tb.dut.delay_step1}
gui_schematic_select -id Schematic.6 -type {cell} -parent {fir_tb.dut} {fir_tb.dut.delay_step2}
gui_sch_viewport_backup -id Schematic.6 -type save
gui_sch_show -window Schematic.6 -name fir_tb.dut.delay_step2
gui_zoom -window Schematic.6 -rect { {-991 -59103} {62538 36190} }
gui_zoom -window Schematic.6 -rect { {-991 -59103} {62538 36190} }
gui_sch_viewport_backup -id Schematic.6 -type restore -action in -pins {} -slct_targets global
gui_schematic_clear_selection -id Schematic.6
package require snpsMisc; ::Misc::exec_method -method moveUpCmd 
gui_sch_viewport_backup -id Schematic.6 -type save
gui_sch_show -window Schematic.6 -name fir_tb.dut
gui_zoom -window Schematic.6 -rect { {-1325 -114632} {128519 80134} }
gui_zoom -window Schematic.6 -rect { {-1325 -114632} {128519 80134} }
gui_sch_viewport_backup -id Schematic.6 -type restore -action out -cell fir_tb.dut.delay_step2 -pins {} -slct_targets global
gui_zoom -window Schematic.6 -rect { {-1325 -114633} {128520 80135} }
gui_schematic_select -id Schematic.6 -type {cell} -parent {fir_tb.dut} {fir_tb.dut.delay_step2}
gui_schematic_select -id Schematic.6 -type {cell} -parent {fir_tb.dut} {fir_tb.dut.delay_step2}
gui_schematic_select -id Schematic.6 -type {cell} -parent {fir_tb.dut} {fir_tb.dut.delay_step1}
gui_sch_viewport_backup -id Schematic.6 -type save
gui_sch_show -window Schematic.6 -name fir_tb.dut.delay_step1
gui_zoom -window Schematic.6 -rect { {-991 -59103} {62538 36190} }
gui_zoom -window Schematic.6 -rect { {-991 -59103} {62538 36190} }
gui_sch_viewport_backup -id Schematic.6 -type restore -action in -pins {} -slct_targets global
gui_zoom -window Schematic.6 -rect { {-991 -59104} {62539 36191} }
gui_schematic_clear_selection -id Schematic.6
package require snpsMisc; ::Misc::exec_method -method moveUpCmd 
gui_sch_viewport_backup -id Schematic.6 -type save
gui_sch_show -window Schematic.6 -name fir_tb.dut
gui_zoom -window Schematic.6 -rect { {-1325 -114632} {128519 80134} }
gui_zoom -window Schematic.6 -rect { {-1325 -114632} {128519 80134} }
gui_sch_viewport_backup -id Schematic.6 -type restore -action out -cell fir_tb.dut.delay_step1 -pins {} -slct_targets global
gui_zoom -window Schematic.6 -rect { {-1325 -114633} {128520 80135} }
gui_schematic_select -id Schematic.6 -type {cell} -parent {fir_tb.dut} {fir_tb.dut.delay_step1}
gui_schematic_select -id Schematic.6 -type {cell} -parent {fir_tb.dut} {fir_tb.dut.delay_step1}
gui_schematic_select -id Schematic.6 -type {cell} -parent {fir_tb.dut} {fir_tb.dut.delay_step0}
gui_schematic_select -id Schematic.6 -type {cell} -parent {fir_tb.dut} {fir_tb.dut.delay_step0}
gui_sch_viewport_backup -id Schematic.6 -type save
gui_sch_show -window Schematic.6 -name fir_tb.dut.delay_step0
gui_zoom -window Schematic.6 -rect { {-991 -59103} {62538 36190} }
gui_zoom -window Schematic.6 -rect { {-991 -59103} {62538 36190} }
gui_sch_viewport_backup -id Schematic.6 -type restore -action in -pins {} -slct_targets global
gui_schematic_clear_selection -id Schematic.6
package require snpsMisc; ::Misc::exec_method -method moveUpCmd 
gui_sch_viewport_backup -id Schematic.6 -type save
gui_sch_show -window Schematic.6 -name fir_tb.dut
gui_zoom -window Schematic.6 -rect { {-1325 -114632} {128519 80134} }
gui_zoom -window Schematic.6 -rect { {-1325 -114632} {128519 80134} }
gui_sch_viewport_backup -id Schematic.6 -type restore -action out -cell fir_tb.dut.delay_step0 -pins {} -slct_targets global
gui_zoom -window Schematic.6 -rect { {-1325 -114633} {128520 80135} }
gui_schematic_select -id Schematic.6 -type {cell} -parent {fir_tb.dut} {fir_tb.dut.delay_step0}
gui_schematic_select -id Schematic.6 -type {cell} -parent {fir_tb.dut} {fir_tb.dut.delay_step0}
#Dve crash log 
#Encountered Illegal Interrupt SIGXFSZ on Thu Sep 18 18:30:00 2025
#Version: P-2019.06_Full64
#Platform: Linux x86_64
#Data of Built: May 31 2019 21:06:56
