[<global>] Level.INFO: Loading hammer-vlsi libraries and reading settings
[<global>] Level.INFO: Loading technology 'hammer.technology.sky130'
[<global>] Level.WARNING: Key technology.sky130.sky130_nda has a type str is not yet implemented
[<global>] Level.WARNING: Key technology.sky130.openram_lib has a type str is not yet implemented
[<global>] Level.WARNING: Key technology.sky130.dffram_lib has a type Optional[str] is not yet implemented
[<global>] Level.WARNING: Key technology.sky130.pdk_home has a type Optional[str] is not yet implemented
[<global>] Level.WARNING: Key technology.sky130.lvs_deck_sources has a type Optional[list[str]] is not yet implemented
[<global>] Level.WARNING: Key technology.sky130.io_file has a type str is not yet implemented
[tech] Level.WARNING: The install path: /path/to/skywater-src-nda does not exist, looked at key technology.sky130.sky130_nda
[tech] Level.INFO: Loaded Sky130 Tech
[<global>] Level.INFO: Starting SRAM Generator with tool 'sram_compiler'
[sram_generator] Level.DEBUG: Running sub-step 'generate_all_srams_and_corners'
[sram_generator] Level.INFO: Compiling 1rw memories to SRAM22 instances
[sram_generator] Level.WARNING: SKY130 sram22_512x32m4w32 SRAM cache does not support corner tt_025C_1v80 with rcc extraction
[sram_generator] Level.INFO: Compiling 1rw memories to SRAM22 instances
[sram_generator] Level.WARNING: SKY130 sram22_64x32m4w32 SRAM cache does not support corner tt_025C_1v80 with rcc extraction
[sram_generator] Level.INFO: Compiling 1rw memories to SRAM22 instances
[sram_generator] Level.WARNING: SKY130 sram22_512x64m4w8 SRAM cache does not support corner tt_025C_1v80 with rcc extraction
[sram_generator] Level.INFO: Compiling 1rw memories to SRAM22 instances
[sram_generator] Level.WARNING: SKY130 sram22_512x32m4w8 SRAM cache does not support corner tt_025C_1v80 with rcc extraction
[sram_generator] Level.INFO: Compiling 1rw memories to SRAM22 instances
[sram_generator] Level.WARNING: SKY130 sram22_64x24m4w24 SRAM cache does not support corner tt_025C_1v80 with rcc extraction
[sram_generator] Level.INFO: Compiling 1rw memories to SRAM22 instances
[sram_generator] Level.WARNING: SKY130 sram22_256x32m4w8 SRAM cache does not support corner tt_025C_1v80 with rcc extraction
[sram_generator] Level.INFO: Compiling 1rw memories to SRAM22 instances
[sram_generator] Level.WARNING: SKY130 sram22_64x4m4w2 SRAM cache does not support corner tt_025C_1v80 with rcc extraction
[sram_generator] Level.INFO: Compiling 1rw memories to SRAM22 instances
[sram_generator] Level.WARNING: SKY130 sram22_2048x32m8w8 SRAM cache does not support corner tt_025C_1v80 with rcc extraction
[sram_generator] Level.INFO: Compiling 1rw memories to SRAM22 instances
[sram_generator] Level.WARNING: SKY130 sram22_1024x32m8w32 SRAM cache does not support corner tt_025C_1v80 with rcc extraction
[sram_generator] Level.INFO: Compiling 1rw memories to SRAM22 instances
[sram_generator] Level.WARNING: SKY130 sram22_1024x32m8w8 SRAM cache does not support corner tt_025C_1v80 with rcc extraction
[sram_generator] Level.INFO: Compiling 1rw memories to SRAM22 instances
[sram_generator] Level.WARNING: SKY130 sram22_64x32m4w8 SRAM cache does not support corner tt_025C_1v80 with rcc extraction
[sram_generator] Level.INFO: Compiling 1rw memories to SRAM22 instances
[sram_generator] Level.WARNING: SKY130 sram22_512x32m4w32 SRAM cache does not support corner tt_025C_1v80 with rcc extraction
[sram_generator] Level.INFO: Compiling 1rw memories to SRAM22 instances
[sram_generator] Level.WARNING: SKY130 sram22_64x32m4w32 SRAM cache does not support corner tt_025C_1v80 with rcc extraction
[sram_generator] Level.INFO: Compiling 1rw memories to SRAM22 instances
[sram_generator] Level.WARNING: SKY130 sram22_512x64m4w8 SRAM cache does not support corner tt_025C_1v80 with rcc extraction
[sram_generator] Level.INFO: Compiling 1rw memories to SRAM22 instances
[sram_generator] Level.WARNING: SKY130 sram22_512x32m4w8 SRAM cache does not support corner tt_025C_1v80 with rcc extraction
[sram_generator] Level.INFO: Compiling 1rw memories to SRAM22 instances
[sram_generator] Level.WARNING: SKY130 sram22_64x24m4w24 SRAM cache does not support corner tt_025C_1v80 with rcc extraction
[sram_generator] Level.INFO: Compiling 1rw memories to SRAM22 instances
[sram_generator] Level.WARNING: SKY130 sram22_256x32m4w8 SRAM cache does not support corner tt_025C_1v80 with rcc extraction
[sram_generator] Level.INFO: Compiling 1rw memories to SRAM22 instances
[sram_generator] Level.WARNING: SKY130 sram22_64x4m4w2 SRAM cache does not support corner tt_025C_1v80 with rcc extraction
[sram_generator] Level.INFO: Compiling 1rw memories to SRAM22 instances
[sram_generator] Level.WARNING: SKY130 sram22_2048x32m8w8 SRAM cache does not support corner tt_025C_1v80 with rcc extraction
[sram_generator] Level.INFO: Compiling 1rw memories to SRAM22 instances
[sram_generator] Level.WARNING: SKY130 sram22_1024x32m8w32 SRAM cache does not support corner tt_025C_1v80 with rcc extraction
[sram_generator] Level.INFO: Compiling 1rw memories to SRAM22 instances
[sram_generator] Level.WARNING: SKY130 sram22_1024x32m8w8 SRAM cache does not support corner tt_025C_1v80 with rcc extraction
[sram_generator] Level.INFO: Compiling 1rw memories to SRAM22 instances
[sram_generator] Level.WARNING: SKY130 sram22_64x32m4w8 SRAM cache does not support corner tt_025C_1v80 with rcc extraction
[<global>] Level.INFO: Loading hammer-vlsi libraries and reading settings
[<global>] Level.INFO: Loading technology 'hammer.technology.sky130'
[<global>] Level.WARNING: Key technology.sky130.sky130_nda has a type str is not yet implemented
[<global>] Level.WARNING: Key technology.sky130.openram_lib has a type str is not yet implemented
[<global>] Level.WARNING: Key technology.sky130.dffram_lib has a type Optional[str] is not yet implemented
[<global>] Level.WARNING: Key technology.sky130.pdk_home has a type Optional[str] is not yet implemented
[<global>] Level.WARNING: Key technology.sky130.lvs_deck_sources has a type Optional[list[str]] is not yet implemented
[<global>] Level.WARNING: Key technology.sky130.io_file has a type str is not yet implemented
[tech] Level.WARNING: The install path: /path/to/skywater-src-nda does not exist, looked at key technology.sky130.sky130_nda
[tech] Level.INFO: Loaded Sky130 Tech
