# Preference setting overrides
gui_create_pref_key -category {Globals} -key {load_detail_for_funcov} -value_type {bool} -value {false}

# State setting overrides
gui_state_default_create -off -ini
gui_create_state_key -category FindDialog -key m_pMatchCase -value_type bool -value false
gui_create_state_key -category FindDialog -key m_pMatchWord -value_type bool -value false
gui_create_state_key -category FindDialog -key m_pUseCombo -value_type string -value {}
gui_create_state_key -category FindDialog -key m_pWrapAround -value_type bool -value true
gui_state_default_create -off

# Begin command logging
gui_open_db -file sim/one_bit_comparator_structural_tb.vpd
gui_list_select -id Hier.1 -current_item_name one_bit_comparator_structural_tb -current_item_type Scope  -selected  { one_bit_comparator_structural_tb   }
gui_list_expand -id Hier.1   one_bit_comparator_structural_tb
gui_list_action -id  Hier.1 one_bit_comparator_structural_tb
gui_list_select -id Hier.1 -current_item_name one_bit_comparator_structural_tb.DUT -current_item_type Scope  -selected  { one_bit_comparator_structural_tb.DUT   }
gui_list_action -id  Hier.1 one_bit_comparator_structural_tb.DUT
gui_list_select -id Hier.1 -current_item_name one_bit_comparator_structural_tb -current_item_type Scope  -selected  { one_bit_comparator_structural_tb   }
gui_list_action -id  Hier.1 one_bit_comparator_structural_tb
gui_list_select -id Hier.1 -current_item_name d_flip_flop -current_item_type Scope  -selected  { d_flip_flop   }
gui_data_toggle_value_annotate -id  Data.1   {d_flip_flop.n1}
gui_list_select -id Data.1 -selected  { d_flip_flop.n1   }
gui_sim_watch { -file  $::env(PWD)/sim/one_bit_comparator_structural_tb.v  -line  12  }
gui_open_window Wave
gui_list_add -id Wave.1 -from Source.1 { one_bit_comparator_structural_tb.a } -insertionbar
gui_wv_zoom_timerange -id  Wave.1 0 159
gui_wv_zoom_timerange -id  Wave.1 0 159
gui_wv_zoom_timerange -id  Wave.1 0 163
gui_wv_zoom_timerange -id  Wave.1 0 173
gui_wv_zoom_timerange -id  Wave.1 0 176
gui_wv_zoom_timerange -id  Wave.1 0 180
gui_wv_zoom_timerange -id  Wave.1 0 181
gui_close_window -window TopLevel.2
